2024/6/30 - POST /api/v1/users/signup ::1 400 29ms
2024/6/30 - POST /api/v1/users/signup ::1 200 755ms
2024/6/30 - POST /api/v1/products/addProduct ::1 500 11ms
2024/6/30 - POST /api/v1/products/addProduct ::1 500 15ms
2024/6/30 - POST /api/v1/products/addProduct ::1 500 8ms
2024/6/30 - POST /api/v1/users/login ::1 200 1154ms
2024/6/30 - POST /api/v1/users/login ::1 400 13ms
2024/6/30 - POST /api/v1/users/login ::1 400 27ms
2024/6/30 - POST /api/v1/users/signup ::1 200 921ms
2024/6/30 - GET /api/v1/users/profile ::1 200 13ms
2024/6/30 - GET /api/products ::1 404 6ms
2024/6/30 - POST /api/products ::1 404 2ms
2024/6/30 - POST /api/products ::1 404 10ms
2024/6/30 - POST /api/v1/products ::1 403 34ms
2024/6/30 - POST /api/v1/users/signup ::1 400 22ms
2024/6/30 - POST /api/v1/users/signup ::1 200 450ms
2024/6/30 - POST /api/v1/products ::1 500 10ms
2024/6/30 - POST /api/v1/products ::1 200 43ms
2024/6/30 - DELETE /api/v1/products/delete/66819243333039015ed90ce8 ::1 404 30ms
2024/6/30 - POST /api/v1/users/login ::1 200 449ms
2024/6/30 - POST /api/v1/users/login ::1 200 411ms
2024/6/30 - DELETE /api/v1/products/delete/66819243333039015ed90ce8 ::1 404 7ms
2024/6/30 - DELETE /api/v1/products/ ::1 404 1ms
2024/6/30 - POST /api/v1/products/ ::1 200 20ms
2024/6/30 - DELETE /api/v1/products/delete/6681946e1622651bf2c4d864 ::1 404 9ms
2024/6/30 - DELETE /api/v1/products/ ::1 404 1ms
2024/6/30 - POST /api/v1/products/ ::1 200 17ms
2024/6/30 - DELETE /api/v1/products/delete/66819219b1ca2e98b3906e6a ::1 404 11ms
2024/6/30 - DELETE /api/v1/products/delete/66819219b1ca2e98b3906e6a ::1 500 28ms
2024/6/30 - DELETE /api/v1/products/delete/66819219b1ca2e98b3906e6a ::1 500 26ms
2024/6/30 - DELETE /api/v1/products/delete/66819219b1ca2e98b3906e6a ::1 404 27ms
2024/6/30 - DELETE /api/v1/products/ ::1 404 2ms
2024/6/30 - POST /api/v1/products/ ::1 200 25ms
2024/6/30 - DELETE /api/v1/products/delete/668195294f507e2ec9d67abb ::1 200 25ms
2024/6/30 - DELETE /api/v1/products/delete/668194a71622651bf2c4d869 ::1 200 8ms
2024/6/30 - POST /api/v1/products ::1 200 46ms
2024/6/30 - PUT /api/v1/products/update/668199201a7ccb66285d3bb7 ::1 200 53ms
2024/7/1 - POST /api/v1/users/login ::1 200 958ms
2024/7/1 - POST /api/v1/products ::1 500 42ms
2024/7/1 - POST /api/v1/product ::1 404 1ms
2024/7/1 - POST /api/v1/products ::1 500 17ms
2024/7/1 - GET /api/v1/products ::1 500 4ms
2024/7/1 - GET /api/v1/products ::1 500 20ms
2024/7/1 - GET /api/v1/users/profile ::1 200 20ms
2024/7/1 - GET /api/v1/products ::1 500 1ms
2024/7/1 - GET /api/v1/products ::1 500 1ms
2024/7/1 - POST /api/v1/products ::1 200 20ms
2024/7/1 - GET /api/v1/products ::1 500 1ms
2024/7/1 - GET /api/v1/products ::1 500 15ms
2024/7/1 - GET /api/v1/products ::1 500 9ms
2024/7/1 - GET /api/v1/products ::1 200 26ms
2024/7/1 - PUT /api/v1/products/addreview/66823c90c8c04f4746d334e3 ::1 500 67ms
2024/7/1 - POST /api/v1/users/login ::1 200 998ms
2024/7/1 - POST /api/v1/users/logout ::1 200 7ms
2024/7/1 - GET /api/v1/products ::1 200 23ms
2024/7/1 - POST /api/v1/products ::1 401 2ms
2024/7/1 - POST /api/v1/users/login ::1 200 517ms
2024/7/1 - GET /api/v1/products ::1 200 4ms
2024/7/1 - PUT /api/v1/products/addreview/ ::1 404 4ms
2024/7/1 - POST /api/v1/products ::1 403 10ms
2024/7/1 - POST /api/v1/users/signup ::1 200 476ms
2024/7/1 - POST /api/v1/users/login ::1 200 500ms
2024/7/1 - GET /api/v1/products ::1 200 7ms
2024/7/1 - POST /api/v1/products ::1 200 16ms
2024/7/1 - DELETE /api/v1/products/delete/668243e0548ac480b20ad480 ::1 200 13ms
2024/7/1 - POST /api/v1/products ::1 200 10ms
2024/7/1 - PUT /api/v1/products/update/ ::1 404 1ms
2024/7/1 - PUT /api/v1/products/update/66824419548ac480b20ad486 ::1 200 48ms
2024/7/1 - GET /api/v1/products ::1 200 27ms
2024/7/1 - GET /api/v1/products/topten ::1 200 60ms
2024/7/1 - GET /api/v1/products/topten ::1 200 49ms
2024/7/1 - PUT /api/v1/products/addreview/66824419548ac480b20ad486 ::1 500 40ms
2024/7/1 - PUT /api/v1/products/addreview/66824419548ac480b20ad486 ::1 200 67ms
2024/7/1 - PUT /api/v1/products/addreview/66824419548ac480b20ad486 ::1 200 21ms
2024/7/1 - PUT /api/v1/products/addreview/66824419548ac480b20ad486 ::1 400 35ms
2024/7/2 - POST /api/v1/users/login ::1 200 1376ms
2024/7/2 - POST /api/v1/users/login ::1 200 927ms
2024/7/2 - POST /api/v1/users/login ::1 200 768ms
2024/7/2 - GET /api/v1/products ::1 200 17ms
2024/7/2 - PUT /api/v1/products/addreview/66819243333039015ed90ce8 ::1 200 53ms
2024/7/2 - PUT /api/v1/products/addreview/66819243333039015ed90ce8 ::1 400 9ms
2024/7/2 - GET /api/v1/users ::1 403 6ms
2024/7/2 - POST /api/v1/users/signup ::1 200 647ms
2024/7/2 - POST /api/v1/users/login ::1 200 629ms
2024/7/2 - GET /api/v1/users ::1 200 17ms
2024/7/2 - PUT /api/v1/products/addreview/66819243333039015ed90ce8 ::1 200 21ms
2024/7/2 - POST /api/v1/users/login ::1 400 451ms
